<?xml version="1.0" encoding="UTF-8"?>
<testng-results ignored="0" total="2" passed="2" failed="0" skipped="0">
  <reporter-output>
  </reporter-output>
  <suite started-at="2024-01-10T11:35:06 IST" name="Smoke tests" finished-at="2024-01-10T11:35:53 IST" duration-ms="46581">
    <groups>
    </groups>
    <test started-at="2024-01-10T11:35:06 IST" name="Test" finished-at="2024-01-10T11:35:53 IST" duration-ms="46581">
      <class name="Tests.Searchproduct">
        <test-method is-config="true" signature="initialize()[pri:0, instance:Tests.Searchproduct@6edc4161]" started-at="2024-01-10T11:35:06 IST" name="initialize" finished-at="2024-01-10T11:35:16 IST" duration-ms="9588" status="PASS">
          <reporter-output>
          </reporter-output>
        </test-method> <!-- initialize -->
        <test-method signature="ProductSearchandFilter()[pri:1, instance:Tests.Searchproduct@6edc4161]" started-at="2024-01-10T11:35:16 IST" name="ProductSearchandFilter" description="Login and search Product and Filtering the result" finished-at="2024-01-10T11:35:27 IST" duration-ms="10896" status="PASS">
          <reporter-output>
          </reporter-output>
        </test-method> <!-- ProductSearchandFilter -->
        <test-method is-config="true" signature="teardown()[pri:0, instance:Tests.Searchproduct@6edc4161]" started-at="2024-01-10T11:35:27 IST" name="teardown" finished-at="2024-01-10T11:35:27 IST" duration-ms="326" status="PASS">
          <reporter-output>
          </reporter-output>
        </test-method> <!-- teardown -->
        <test-method is-config="true" signature="initialize()[pri:0, instance:Tests.Searchproduct@6edc4161]" started-at="2024-01-10T11:35:27 IST" name="initialize" finished-at="2024-01-10T11:35:30 IST" duration-ms="3194" status="PASS">
          <reporter-output>
          </reporter-output>
        </test-method> <!-- initialize -->
        <test-method signature="AddingandRemovingItemsfromtheShoppingCart()[pri:2, instance:Tests.Searchproduct@6edc4161]" started-at="2024-01-10T11:35:30 IST" name="AddingandRemovingItemsfromtheShoppingCart" description="Adding and Removing Items from the Shopping Cart" finished-at="2024-01-10T11:35:52 IST" duration-ms="21961" status="PASS">
          <reporter-output>
          </reporter-output>
        </test-method> <!-- AddingandRemovingItemsfromtheShoppingCart -->
        <test-method is-config="true" signature="teardown()[pri:0, instance:Tests.Searchproduct@6edc4161]" started-at="2024-01-10T11:35:52 IST" name="teardown" finished-at="2024-01-10T11:35:53 IST" duration-ms="380" status="PASS">
          <reporter-output>
          </reporter-output>
        </test-method> <!-- teardown -->
      </class> <!-- Tests.Searchproduct -->
    </test> <!-- Test -->
  </suite> <!-- Smoke tests -->
</testng-results>
